Fri, 11 Sep 2020 13:29:20 GMT | ERROR  | HTTP 404: ask for:  http://localhost:3000/todos
Fri, 11 Sep 2020 13:35:48 GMT | ERROR  | HTTP 404: ask for:  http://localhost:3000/api/v1/todo/done/5f5b7a005bf4081c4cbbb281
Fri, 11 Sep 2020 14:15:52 GMT | ERROR  | HTTP 404: ask for:  http://localhost:3000/api/v1/resource?type=null&description=test
Fri, 11 Sep 2020 14:17:11 GMT | ERROR  | HTTP 404: ask for:  http://localhost:3000/api/v1/resource?type=null&description=test
Fri, 11 Sep 2020 15:16:55 GMT | ERROR  | HTTP 404: ask for:  http://localhost:3000/api/v1/ressource?type=Room&description=C215
Fri, 11 Sep 2020 15:17:23 GMT | ERROR  | HTTP 404: ask for:  http://localhost:3000/api/v1/ressource?type=Room&description=C215
Fri, 11 Sep 2020 15:19:36 GMT | ERROR  | HTTP 404: ask for:  http://localhost:3000/api/v1/ressource
Mon, 14 Sep 2020 12:45:26 GMT | ERROR  | HTTP 404: ask for:  http://localhost:3000/api/v1/pizza
Mon, 14 Sep 2020 12:55:02 GMT | ERROR  | HTTP 404: ask for:  http://localhost:3000/api/v1/pizza/5f5f66f6eb28341a1ce0b963
Mon, 14 Sep 2020 13:59:38 GMT | ERROR  | HTTP 404: ask for:  http://localhost:3000/api/v1/pizza/5f5f66f6eb28341a1ce0b963
Mon, 14 Sep 2020 15:26:16 GMT | ERROR  | HTTP 404: ask for:  http://localhost:3000/api/v1/client
Wed, 30 Sep 2020 06:03:56 GMT | ERROR  | HTTP 404: ask for:  http://localhost:3000/api/v1/deleteIngredient/5f5f8bcdf6f67c1fac32186b
Wed, 30 Sep 2020 06:04:48 GMT | ERROR  | HTTP 404: ask for:  http://localhost:3000/api/v1/deleteIngredient/5f5f8bcdf6f67c1fac32186b
Wed, 30 Sep 2020 06:05:08 GMT | ERROR  | HTTP 404: ask for:  http://localhost:3000/api/v1/deleteIngredient/5f5f8bcdf6f67c1fac32186b
Wed, 30 Sep 2020 06:07:13 GMT | ERROR  | HTTP 404: ask for:  http://localhost:3000/api/v1/deleteIngredient/
Wed, 30 Sep 2020 06:11:12 GMT | ERROR  | HTTP 404: ask for:  http://localhost:3000/api/v1/deleteIngredient/5f5f67b5c849e5298c8208ec
Wed, 30 Sep 2020 06:28:52 GMT | ERROR  | HTTP 404: ask for:  http://localhost:3000/api/v1/deleteIngredient/5f5f67b5c849e5298c8208ec
Wed, 30 Sep 2020 06:29:33 GMT | ERROR  | HTTP 404: ask for:  http://localhost:3000/api/v1/ingredient?Bio=true&Nom=Champignon
Wed, 30 Sep 2020 06:40:40 GMT | ERROR  | HTTP 404: ask for:  http://localhost:3000/api/v1/updatePizza/5f5f66f6eb28341a1ce0b963
Wed, 30 Sep 2020 06:41:38 GMT | ERROR  | HTTP 404: ask for:  http://localhost:3000/api/v1/updatePizza/5f5f66f6eb28341a1ce0b963
Wed, 30 Sep 2020 06:42:20 GMT | ERROR  | HTTP 404: ask for:  http://localhost:3000/api/v1/updatePizza/5f5f66f6eb28341a1ce0b963
Wed, 30 Sep 2020 06:42:51 GMT | ERROR  | HTTP 404: ask for:  http://localhost:3000/api/v1/updatePizza/5f5f66f6eb28341a1ce0b963
Wed, 30 Sep 2020 06:46:48 GMT | ERROR  | HTTP 404: ask for:  http://localhost:3000/api/v1/updatePizza/5f5f66f6eb28341a1ce0b963
Wed, 30 Sep 2020 06:52:34 GMT | ERROR  | HTTP 404: ask for:  http://localhost:3000/api/v1/addIngedient/5f5f66f6eb28341a1ce0b963?Ingredient=5f7425db84e01b265c61eed9&Ingredient=5f5f7ec788fbcc15c8223d2d
Wed, 30 Sep 2020 06:52:38 GMT | ERROR  | HTTP 404: ask for:  http://localhost:3000/api/v1/addIngedient/5f5f66f6eb28341a1ce0b963?Ingredient=5f7425db84e01b265c61eed9
Wed, 30 Sep 2020 09:49:58 GMT | ERROR  | HTTP 404: ask for:  http://localhost:3000/api/v1/deleteIngredients/5f7443b0e06e2e40345d62c1
Wed, 30 Sep 2020 09:52:49 GMT | ERROR  | HTTP 404: ask for:  http://localhost:3000/api/v1/deleteIngredients/5f7443b0e06e2e40345d62c1
Wed, 30 Sep 2020 09:53:51 GMT | ERROR  | HTTP 404: ask for:  http://localhost:3000/api/v1/deleteIngredients/5f7443b0e06e2e40345d62c1
Wed, 30 Sep 2020 09:54:54 GMT | ERROR  | HTTP 404: ask for:  http://localhost:3000/api/v1/deleteIngredients/5f7443b0e06e2e40345d62c1
Thu, 01 Oct 2020 12:54:33 GMT | ERROR  | HTTP 404: ask for:  http://localhost:3000/api/v1/createCommande
Thu, 01 Oct 2020 12:55:17 GMT | ERROR  | HTTP 404: ask for:  http://localhost:3000/api/v1/createCommande
Thu, 01 Oct 2020 12:56:21 GMT | ERROR  | HTTP 404: ask for:  http://localhost:3000/api/v1/createCommande
Thu, 01 Oct 2020 12:57:02 GMT | ERROR  | HTTP 404: ask for:  http://localhost:3000/api/v1/createCommande
Thu, 01 Oct 2020 12:57:05 GMT | ERROR  | HTTP 404: ask for:  http://localhost:3000/api/v1/createCommande
Thu, 01 Oct 2020 12:57:10 GMT | ERROR  | HTTP 404: ask for:  http://localhost:3000/api/v1/createCommande
Thu, 01 Oct 2020 13:09:20 GMT | ERROR  | HTTP 404: ask for:  http://localhost:3000/api/v1/Commandes
Thu, 01 Oct 2020 13:10:09 GMT | ERROR  | HTTP 404: ask for:  http://localhost:3000/api/v1/createCommande
Thu, 01 Oct 2020 13:21:35 GMT | ERROR  | HTTP 404: ask for:  http://localhost:3000/api/v1/createCommande
Thu, 01 Oct 2020 13:22:49 GMT | ERROR  | HTTP 404: ask for:  http://localhost:3000/api/v1/createCommande
Wed, 28 Oct 2020 14:25:45 GMT | ERROR  | HTTP 404: ask for:  http://localhost:3000/order
Wed, 28 Oct 2020 14:25:45 GMT | ERROR  | HTTP 404: ask for:  http://localhost:3000/favicon.ico
Wed, 28 Oct 2020 14:26:42 GMT | ERROR  | HTTP 404: ask for:  http://localhost:3000/order
Wed, 28 Oct 2020 14:34:34 GMT | ERROR  | HTTP 404: ask for:  http://localhost:3000/api/v1/pizzos
Wed, 28 Oct 2020 14:36:45 GMT | ERROR  | HTTP 404: ask for:  http://localhost:3000/order
Wed, 28 Oct 2020 14:38:10 GMT | ERROR  | HTTP 404: ask for:  http://localhost:3000/order
Wed, 28 Oct 2020 14:39:45 GMT | ERROR  | HTTP 404: ask for:  http://localhost:3000/order
Wed, 28 Oct 2020 14:44:20 GMT | ERROR  | HTTP 404: ask for:  http://localhost:3000/order
Wed, 28 Oct 2020 14:44:53 GMT | ERROR  | HTTP 404: ask for:  http://localhost:3000/order
Wed, 28 Oct 2020 14:45:14 GMT | ERROR  | HTTP 404: ask for:  http://localhost:3000/order
Wed, 28 Oct 2020 14:45:15 GMT | ERROR  | HTTP 404: ask for:  http://localhost:3000/order
Wed, 28 Oct 2020 14:45:15 GMT | ERROR  | HTTP 404: ask for:  http://localhost:3000/order
Wed, 28 Oct 2020 14:45:16 GMT | ERROR  | HTTP 404: ask for:  http://localhost:3000/order
Wed, 28 Oct 2020 14:45:16 GMT | ERROR  | HTTP 404: ask for:  http://localhost:3000/order
Wed, 28 Oct 2020 15:51:27 GMT | ERROR  | HTTP 404: ask for:  http://localhost:3000/static/media/pizza.a7000140.jpg
Wed, 28 Oct 2020 15:51:41 GMT | ERROR  | HTTP 404: ask for:  http://localhost:3000/manifest.json
Wed, 28 Oct 2020 15:51:42 GMT | ERROR  | HTTP 404: ask for:  http://localhost:3000/static/js/bundle.js.map
Wed, 28 Oct 2020 15:51:42 GMT | ERROR  | HTTP 404: ask for:  http://localhost:3000/static/js/0.chunk.js.map
Wed, 28 Oct 2020 15:51:42 GMT | ERROR  | HTTP 404: ask for:  http://localhost:3000/static/js/main.chunk.js.map
Wed, 28 Oct 2020 15:52:27 GMT | ERROR  | HTTP 404: ask for:  http://localhost:3000/46a288c1d6d78c4acce9.hot-update.json
Wed, 28 Oct 2020 15:52:27 GMT | ERROR  | HTTP 404: ask for:  http://localhost:3000/order
Wed, 28 Oct 2020 15:56:52 GMT | ERROR  | HTTP 404: ask for:  http://localhost:3000/order
Wed, 28 Oct 2020 15:57:39 GMT | ERROR  | HTTP 404: ask for:  http://localhost:3000/order
Wed, 28 Oct 2020 15:57:41 GMT | ERROR  | HTTP 404: ask for:  http://localhost:3000/order
Wed, 28 Oct 2020 15:57:42 GMT | ERROR  | HTTP 404: ask for:  http://localhost:3000/order
Wed, 28 Oct 2020 15:58:01 GMT | ERROR  | HTTP 404: ask for:  http://localhost:3000/about
Wed, 28 Oct 2020 15:58:18 GMT | ERROR  | HTTP 404: ask for:  http://localhost:3000/about
Wed, 28 Oct 2020 15:58:32 GMT | ERROR  | HTTP 404: ask for:  http://localhost:3000/
Wed, 28 Oct 2020 15:59:10 GMT | ERROR  | HTTP 404: ask for:  http://localhost:3000/
Wed, 28 Oct 2020 15:59:11 GMT | ERROR  | HTTP 404: ask for:  http://localhost:3000/
Thu, 05 Nov 2020 17:34:57 GMT | ERROR  | HTTP 404: ask for:  http://localhost:3000/Pizza.js
Thu, 05 Nov 2020 17:34:57 GMT | ERROR  | HTTP 404: ask for:  http://localhost:3000/Order.js
Thu, 05 Nov 2020 17:34:57 GMT | ERROR  | HTTP 404: ask for:  http://localhost:3000/App.js
Thu, 05 Nov 2020 17:34:57 GMT | ERROR  | HTTP 404: ask for:  http://localhost:3000/src/index.js
Thu, 05 Nov 2020 17:34:57 GMT | ERROR  | HTTP 404: ask for:  http://localhost:3000/Pizza.js
Thu, 05 Nov 2020 17:34:57 GMT | ERROR  | HTTP 404: ask for:  http://localhost:3000/Order.js
Thu, 05 Nov 2020 17:34:57 GMT | ERROR  | HTTP 404: ask for:  http://localhost:3000/App.js
Thu, 05 Nov 2020 17:34:57 GMT | ERROR  | HTTP 404: ask for:  http://localhost:3000/src/index.js
Thu, 05 Nov 2020 17:34:57 GMT | ERROR  | HTTP 404: ask for:  http://localhost:3000/Pizza.js
Thu, 05 Nov 2020 17:34:57 GMT | ERROR  | HTTP 404: ask for:  http://localhost:3000/Order.js
Thu, 05 Nov 2020 17:34:57 GMT | ERROR  | HTTP 404: ask for:  http://localhost:3000/App.js
Thu, 05 Nov 2020 17:34:57 GMT | ERROR  | HTTP 404: ask for:  http://localhost:3000/src/index.js
Thu, 05 Nov 2020 17:34:57 GMT | ERROR  | HTTP 404: ask for:  http://localhost:3000/Pizza.js
Thu, 05 Nov 2020 17:34:57 GMT | ERROR  | HTTP 404: ask for:  http://localhost:3000/Order.js
Thu, 05 Nov 2020 17:34:57 GMT | ERROR  | HTTP 404: ask for:  http://localhost:3000/App.js
Thu, 05 Nov 2020 17:34:57 GMT | ERROR  | HTTP 404: ask for:  http://localhost:3000/src/index.js
Thu, 05 Nov 2020 17:34:58 GMT | ERROR  | HTTP 404: ask for:  http://localhost:3000/Pizza.js
Thu, 05 Nov 2020 17:34:58 GMT | ERROR  | HTTP 404: ask for:  http://localhost:3000/Order.js
Thu, 05 Nov 2020 17:34:58 GMT | ERROR  | HTTP 404: ask for:  http://localhost:3000/App.js
Thu, 05 Nov 2020 17:34:58 GMT | ERROR  | HTTP 404: ask for:  http://localhost:3000/src/index.js
Thu, 05 Nov 2020 19:26:27 GMT | ERROR  | HTTP 404: ask for:  http://localhost:3000/Pizza.js
Thu, 05 Nov 2020 19:26:27 GMT | ERROR  | HTTP 404: ask for:  http://localhost:3000/Order.js
Thu, 05 Nov 2020 19:26:27 GMT | ERROR  | HTTP 404: ask for:  http://localhost:3000/App.js
Thu, 05 Nov 2020 19:26:27 GMT | ERROR  | HTTP 404: ask for:  http://localhost:3000/src/index.js
Thu, 05 Nov 2020 19:26:27 GMT | ERROR  | HTTP 404: ask for:  http://localhost:3000/Pizza.js
Thu, 05 Nov 2020 19:26:27 GMT | ERROR  | HTTP 404: ask for:  http://localhost:3000/Order.js
Thu, 05 Nov 2020 19:26:27 GMT | ERROR  | HTTP 404: ask for:  http://localhost:3000/App.js
Thu, 05 Nov 2020 19:26:27 GMT | ERROR  | HTTP 404: ask for:  http://localhost:3000/src/index.js
Thu, 05 Nov 2020 19:26:27 GMT | ERROR  | HTTP 404: ask for:  http://localhost:3000/Pizza.js
Thu, 05 Nov 2020 19:26:27 GMT | ERROR  | HTTP 404: ask for:  http://localhost:3000/Order.js
Thu, 05 Nov 2020 19:26:27 GMT | ERROR  | HTTP 404: ask for:  http://localhost:3000/App.js
Thu, 05 Nov 2020 19:26:27 GMT | ERROR  | HTTP 404: ask for:  http://localhost:3000/src/index.js
Thu, 05 Nov 2020 19:26:27 GMT | ERROR  | HTTP 404: ask for:  http://localhost:3000/Pizza.js
Thu, 05 Nov 2020 19:26:27 GMT | ERROR  | HTTP 404: ask for:  http://localhost:3000/Order.js
Thu, 05 Nov 2020 19:26:28 GMT | ERROR  | HTTP 404: ask for:  http://localhost:3000/App.js
Thu, 05 Nov 2020 19:26:28 GMT | ERROR  | HTTP 404: ask for:  http://localhost:3000/src/index.js
Thu, 05 Nov 2020 19:26:28 GMT | ERROR  | HTTP 404: ask for:  http://localhost:3000/Pizza.js
Thu, 05 Nov 2020 19:26:28 GMT | ERROR  | HTTP 404: ask for:  http://localhost:3000/Order.js
Thu, 05 Nov 2020 19:26:28 GMT | ERROR  | HTTP 404: ask for:  http://localhost:3000/App.js
Thu, 05 Nov 2020 19:26:28 GMT | ERROR  | HTTP 404: ask for:  http://localhost:3000/src/index.js
Thu, 05 Nov 2020 19:26:44 GMT | ERROR  | HTTP 404: ask for:  http://localhost:3000/Pizza.js
Thu, 05 Nov 2020 19:26:44 GMT | ERROR  | HTTP 404: ask for:  http://localhost:3000/Order.js
Thu, 05 Nov 2020 19:26:44 GMT | ERROR  | HTTP 404: ask for:  http://localhost:3000/App.js
Thu, 05 Nov 2020 19:26:44 GMT | ERROR  | HTTP 404: ask for:  http://localhost:3000/src/index.js
Thu, 05 Nov 2020 19:26:45 GMT | ERROR  | HTTP 404: ask for:  http://localhost:3000/Pizza.js
Thu, 05 Nov 2020 19:26:45 GMT | ERROR  | HTTP 404: ask for:  http://localhost:3000/Order.js
Thu, 05 Nov 2020 19:26:45 GMT | ERROR  | HTTP 404: ask for:  http://localhost:3000/App.js
Thu, 05 Nov 2020 19:26:45 GMT | ERROR  | HTTP 404: ask for:  http://localhost:3000/src/index.js
Thu, 05 Nov 2020 19:26:45 GMT | ERROR  | HTTP 404: ask for:  http://localhost:3000/Pizza.js
Thu, 05 Nov 2020 19:26:45 GMT | ERROR  | HTTP 404: ask for:  http://localhost:3000/Order.js
Thu, 05 Nov 2020 19:26:45 GMT | ERROR  | HTTP 404: ask for:  http://localhost:3000/App.js
Thu, 05 Nov 2020 19:26:45 GMT | ERROR  | HTTP 404: ask for:  http://localhost:3000/src/index.js
Thu, 05 Nov 2020 19:26:45 GMT | ERROR  | HTTP 404: ask for:  http://localhost:3000/Pizza.js
Thu, 05 Nov 2020 19:26:45 GMT | ERROR  | HTTP 404: ask for:  http://localhost:3000/Order.js
Thu, 05 Nov 2020 19:26:45 GMT | ERROR  | HTTP 404: ask for:  http://localhost:3000/App.js
Thu, 05 Nov 2020 19:26:45 GMT | ERROR  | HTTP 404: ask for:  http://localhost:3000/src/index.js
Thu, 05 Nov 2020 19:26:46 GMT | ERROR  | HTTP 404: ask for:  http://localhost:3000/Pizza.js
Thu, 05 Nov 2020 19:26:46 GMT | ERROR  | HTTP 404: ask for:  http://localhost:3000/Order.js
Thu, 05 Nov 2020 19:26:46 GMT | ERROR  | HTTP 404: ask for:  http://localhost:3000/App.js
Thu, 05 Nov 2020 19:26:46 GMT | ERROR  | HTTP 404: ask for:  http://localhost:3000/src/index.js
Thu, 05 Nov 2020 19:34:28 GMT | ERROR  | HTTP 404: ask for:  http://localhost:3000/Pizza.js
Thu, 05 Nov 2020 19:34:28 GMT | ERROR  | HTTP 404: ask for:  http://localhost:3000/Order.js
Thu, 05 Nov 2020 19:34:28 GMT | ERROR  | HTTP 404: ask for:  http://localhost:3000/App.js
Thu, 05 Nov 2020 19:34:28 GMT | ERROR  | HTTP 404: ask for:  http://localhost:3000/src/index.js
Thu, 05 Nov 2020 19:34:29 GMT | ERROR  | HTTP 404: ask for:  http://localhost:3000/Pizza.js
Thu, 05 Nov 2020 19:34:29 GMT | ERROR  | HTTP 404: ask for:  http://localhost:3000/Order.js
Thu, 05 Nov 2020 19:34:29 GMT | ERROR  | HTTP 404: ask for:  http://localhost:3000/App.js
Thu, 05 Nov 2020 19:34:29 GMT | ERROR  | HTTP 404: ask for:  http://localhost:3000/src/index.js
Thu, 05 Nov 2020 19:34:29 GMT | ERROR  | HTTP 404: ask for:  http://localhost:3000/Pizza.js
Thu, 05 Nov 2020 19:34:29 GMT | ERROR  | HTTP 404: ask for:  http://localhost:3000/Order.js
Thu, 05 Nov 2020 19:34:29 GMT | ERROR  | HTTP 404: ask for:  http://localhost:3000/App.js
Thu, 05 Nov 2020 19:34:29 GMT | ERROR  | HTTP 404: ask for:  http://localhost:3000/src/index.js
Thu, 05 Nov 2020 19:34:29 GMT | ERROR  | HTTP 404: ask for:  http://localhost:3000/Pizza.js
Thu, 05 Nov 2020 19:34:29 GMT | ERROR  | HTTP 404: ask for:  http://localhost:3000/Order.js
Thu, 05 Nov 2020 19:34:29 GMT | ERROR  | HTTP 404: ask for:  http://localhost:3000/App.js
Thu, 05 Nov 2020 19:34:29 GMT | ERROR  | HTTP 404: ask for:  http://localhost:3000/src/index.js
Thu, 05 Nov 2020 19:34:29 GMT | ERROR  | HTTP 404: ask for:  http://localhost:3000/Pizza.js
Thu, 05 Nov 2020 19:34:29 GMT | ERROR  | HTTP 404: ask for:  http://localhost:3000/Order.js
Thu, 05 Nov 2020 19:34:29 GMT | ERROR  | HTTP 404: ask for:  http://localhost:3000/App.js
Thu, 05 Nov 2020 19:34:30 GMT | ERROR  | HTTP 404: ask for:  http://localhost:3000/src/index.js
Thu, 05 Nov 2020 19:48:33 GMT | ERROR  | HTTP 404: ask for:  http://localhost:3000/PizzaCards.js
Thu, 05 Nov 2020 19:48:33 GMT | ERROR  | HTTP 404: ask for:  http://localhost:3000/App.js
Thu, 05 Nov 2020 19:48:33 GMT | ERROR  | HTTP 404: ask for:  http://localhost:3000/Order.js
Thu, 05 Nov 2020 19:48:33 GMT | ERROR  | HTTP 404: ask for:  http://localhost:3000/src/index.js
Thu, 05 Nov 2020 19:48:33 GMT | ERROR  | HTTP 404: ask for:  http://localhost:3000/PizzaCards.js
Thu, 05 Nov 2020 19:48:33 GMT | ERROR  | HTTP 404: ask for:  http://localhost:3000/Order.js
Thu, 05 Nov 2020 19:48:33 GMT | ERROR  | HTTP 404: ask for:  http://localhost:3000/App.js
Thu, 05 Nov 2020 19:48:33 GMT | ERROR  | HTTP 404: ask for:  http://localhost:3000/src/index.js
Thu, 05 Nov 2020 19:48:34 GMT | ERROR  | HTTP 404: ask for:  http://localhost:3000/PizzaCards.js
Thu, 05 Nov 2020 19:48:34 GMT | ERROR  | HTTP 404: ask for:  http://localhost:3000/Order.js
Thu, 05 Nov 2020 19:48:34 GMT | ERROR  | HTTP 404: ask for:  http://localhost:3000/App.js
Thu, 05 Nov 2020 19:48:34 GMT | ERROR  | HTTP 404: ask for:  http://localhost:3000/src/index.js
Thu, 05 Nov 2020 19:48:34 GMT | ERROR  | HTTP 404: ask for:  http://localhost:3000/PizzaCards.js
Thu, 05 Nov 2020 19:48:34 GMT | ERROR  | HTTP 404: ask for:  http://localhost:3000/Order.js
Thu, 05 Nov 2020 19:48:34 GMT | ERROR  | HTTP 404: ask for:  http://localhost:3000/App.js
Thu, 05 Nov 2020 19:48:34 GMT | ERROR  | HTTP 404: ask for:  http://localhost:3000/src/index.js
Thu, 05 Nov 2020 19:48:34 GMT | ERROR  | HTTP 404: ask for:  http://localhost:3000/PizzaCards.js
Thu, 05 Nov 2020 19:48:34 GMT | ERROR  | HTTP 404: ask for:  http://localhost:3000/Order.js
Thu, 05 Nov 2020 19:48:34 GMT | ERROR  | HTTP 404: ask for:  http://localhost:3000/App.js
Thu, 05 Nov 2020 19:48:34 GMT | ERROR  | HTTP 404: ask for:  http://localhost:3000/src/index.js
Thu, 05 Nov 2020 19:50:09 GMT | ERROR  | HTTP 404: ask for:  http://localhost:3000/PizzaCards.js
Thu, 05 Nov 2020 19:50:09 GMT | ERROR  | HTTP 404: ask for:  http://localhost:3000/App.js
Thu, 05 Nov 2020 19:50:09 GMT | ERROR  | HTTP 404: ask for:  http://localhost:3000/Order.js
Thu, 05 Nov 2020 19:50:09 GMT | ERROR  | HTTP 404: ask for:  http://localhost:3000/src/index.js
Thu, 05 Nov 2020 19:50:09 GMT | ERROR  | HTTP 404: ask for:  http://localhost:3000/PizzaCards.js
Thu, 05 Nov 2020 19:50:09 GMT | ERROR  | HTTP 404: ask for:  http://localhost:3000/Order.js
Thu, 05 Nov 2020 19:50:09 GMT | ERROR  | HTTP 404: ask for:  http://localhost:3000/App.js
Thu, 05 Nov 2020 19:50:09 GMT | ERROR  | HTTP 404: ask for:  http://localhost:3000/src/index.js
Thu, 05 Nov 2020 19:50:09 GMT | ERROR  | HTTP 404: ask for:  http://localhost:3000/PizzaCards.js
Thu, 05 Nov 2020 19:50:09 GMT | ERROR  | HTTP 404: ask for:  http://localhost:3000/Order.js
Thu, 05 Nov 2020 19:50:09 GMT | ERROR  | HTTP 404: ask for:  http://localhost:3000/App.js
Thu, 05 Nov 2020 19:50:09 GMT | ERROR  | HTTP 404: ask for:  http://localhost:3000/src/index.js
Thu, 05 Nov 2020 19:50:09 GMT | ERROR  | HTTP 404: ask for:  http://localhost:3000/PizzaCards.js
Thu, 05 Nov 2020 19:50:10 GMT | ERROR  | HTTP 404: ask for:  http://localhost:3000/Order.js
Thu, 05 Nov 2020 19:50:10 GMT | ERROR  | HTTP 404: ask for:  http://localhost:3000/App.js
Thu, 05 Nov 2020 19:50:10 GMT | ERROR  | HTTP 404: ask for:  http://localhost:3000/src/index.js
Thu, 05 Nov 2020 19:50:10 GMT | ERROR  | HTTP 404: ask for:  http://localhost:3000/PizzaCards.js
Thu, 05 Nov 2020 19:50:10 GMT | ERROR  | HTTP 404: ask for:  http://localhost:3000/Order.js
Thu, 05 Nov 2020 19:50:10 GMT | ERROR  | HTTP 404: ask for:  http://localhost:3000/App.js
Thu, 05 Nov 2020 19:50:10 GMT | ERROR  | HTTP 404: ask for:  http://localhost:3000/src/index.js
Sat, 21 Nov 2020 16:12:42 GMT | ERROR  | HTTP 404: ask for:  http://localhost:3000/babel/parser/lib/index.js
Sat, 21 Nov 2020 16:13:22 GMT | ERROR  | HTTP 404: ask for:  http://localhost:3000/babel/parser/lib/index.js
Sat, 21 Nov 2020 16:13:24 GMT | ERROR  | HTTP 404: ask for:  http://localhost:3000/babel/parser/lib/index.js
Sat, 21 Nov 2020 16:13:24 GMT | ERROR  | HTTP 404: ask for:  http://localhost:3000/babel/parser/lib/index.js
Sat, 21 Nov 2020 16:13:24 GMT | ERROR  | HTTP 404: ask for:  http://localhost:3000/babel/parser/lib/index.js
Sat, 21 Nov 2020 16:28:05 GMT | ERROR  | HTTP 404: ask for:  http://localhost:3000/babel/parser/lib/index.js
Sun, 22 Nov 2020 10:01:45 GMT | ERROR  | HTTP 404: ask for:  http://localhost:3000/babel/parser/lib/index.js
Sun, 22 Nov 2020 14:23:42 GMT | ERROR  | HTTP 404: ask for:  http://localhost:3000/Order.js
Sun, 22 Nov 2020 14:23:42 GMT | ERROR  | HTTP 404: ask for:  http://localhost:3000/CartCards.js
Sun, 22 Nov 2020 14:23:42 GMT | ERROR  | HTTP 404: ask for:  http://localhost:3000/Cart.js
Sun, 22 Nov 2020 14:23:42 GMT | ERROR  | HTTP 404: ask for:  http://localhost:3000/App.js
Sun, 22 Nov 2020 14:23:42 GMT | ERROR  | HTTP 404: ask for:  http://localhost:3000/src/index.js
Sun, 22 Nov 2020 14:23:42 GMT | ERROR  | HTTP 404: ask for:  http://localhost:3000/Order.js
Sun, 22 Nov 2020 14:23:42 GMT | ERROR  | HTTP 404: ask for:  http://localhost:3000/CartCards.js
Sun, 22 Nov 2020 14:23:42 GMT | ERROR  | HTTP 404: ask for:  http://localhost:3000/Cart.js
Sun, 22 Nov 2020 14:23:42 GMT | ERROR  | HTTP 404: ask for:  http://localhost:3000/App.js
Sun, 22 Nov 2020 14:23:42 GMT | ERROR  | HTTP 404: ask for:  http://localhost:3000/src/index.js
Sun, 22 Nov 2020 14:29:48 GMT | ERROR  | HTTP 404: ask for:  http://localhost:3000/babel/parser/lib/index.js
Fri, 27 Nov 2020 16:16:58 GMT | ERROR  | HTTP 404: ask for:  http://localhost:3000/babel/parser/lib/index.js
Sat, 28 Nov 2020 15:01:26 GMT | ERROR  | HTTP 404: ask for:  http://localhost:3000/babel/parser/lib/index.js
Sat, 28 Nov 2020 15:06:37 GMT | ERROR  | HTTP 404: ask for:  http://localhost:3000/babel/parser/lib/index.js
Sat, 28 Nov 2020 15:07:49 GMT | ERROR  | HTTP 404: ask for:  http://localhost:3000/babel/parser/lib/index.js
Sat, 28 Nov 2020 15:14:42 GMT | ERROR  | HTTP 404: ask for:  http://localhost:3000/babel/parser/lib/index.js
Sat, 28 Nov 2020 15:14:44 GMT | ERROR  | HTTP 404: ask for:  http://localhost:3000/babel/parser/lib/index.js
Sat, 28 Nov 2020 15:14:58 GMT | ERROR  | HTTP 404: ask for:  http://localhost:3000/babel/parser/lib/index.js
Sat, 28 Nov 2020 15:25:53 GMT | ERROR  | HTTP 404: ask for:  http://localhost:3000/babel/parser/lib/index.js
Sat, 28 Nov 2020 15:26:16 GMT | ERROR  | HTTP 404: ask for:  http://localhost:3000/babel/parser/lib/index.js
Sat, 28 Nov 2020 15:43:03 GMT | ERROR  | HTTP 404: ask for:  http://localhost:3000/babel/parser/lib/index.js
Sat, 28 Nov 2020 15:47:08 GMT | ERROR  | HTTP 404: ask for:  http://localhost:3000/babel/parser/lib/index.js
Sat, 28 Nov 2020 18:03:55 GMT | ERROR  | HTTP 404: ask for:  http://localhost:3000/babel/parser/lib/index.js
Sat, 28 Nov 2020 18:04:06 GMT | ERROR  | HTTP 404: ask for:  http://localhost:3000/babel/parser/lib/index.js
Sat, 28 Nov 2020 18:04:21 GMT | ERROR  | HTTP 404: ask for:  http://localhost:3000/babel/parser/lib/index.js
Sat, 28 Nov 2020 18:22:39 GMT | ERROR  | HTTP 404: ask for:  http://localhost:3000/babel/parser/lib/index.js
Sat, 28 Nov 2020 18:23:52 GMT | ERROR  | HTTP 404: ask for:  http://localhost:3000/babel/parser/lib/index.js
Fri, 04 Dec 2020 13:19:07 GMT | ERROR  | HTTP 404: ask for:  http://localhost:3000/babel/parser/lib/index.js
Fri, 04 Dec 2020 13:27:29 GMT | ERROR  | HTTP 404: ask for:  http://localhost:3000/babel/parser/lib/index.js
Fri, 04 Dec 2020 16:04:28 GMT | ERROR  | HTTP 404: ask for:  http://localhost:3000/babel/parser/lib/index.js
Fri, 18 Dec 2020 10:37:04 GMT | ERROR  | HTTP 404: ask for:  http://localhost:3000/api/v1/client
Fri, 18 Dec 2020 10:52:21 GMT | ERROR  | HTTP 404: ask for:  http://localhost:3000/api/v1/client
Tue, 26 Jan 2021 08:23:53 GMT | ERROR  | HTTP 404: ask for:  http://localhost:3000/api/v1/createUser
Tue, 26 Jan 2021 08:24:21 GMT | ERROR  | HTTP 404: ask for:  http://localhost:3000/api/v1/createUser
Tue, 26 Jan 2021 08:32:01 GMT | ERROR  | HTTP 404: ask for:  http://localhost:3000/api/v1/createUser
Tue, 26 Jan 2021 08:36:37 GMT | ERROR  | HTTP 404: ask for:  http://localhost:3000/api/v1/createUser
Tue, 26 Jan 2021 08:48:53 GMT | ERROR  | HTTP 404: ask for:  http://localhost:3000/api/v1/createUser
Tue, 26 Jan 2021 09:24:10 GMT | ERROR  | HTTP 404: ask for:  http://localhost:3000/api/v1/updateUser?firstName=Jean&lastName=Dupont&email=jd@mail.com&pswd=password
Tue, 26 Jan 2021 09:25:10 GMT | ERROR  | HTTP 404: ask for:  http://localhost:3000/api/v1/updateUser/600fda56737f593ddc30fd09?firstName=Jean&lastName=Dupont&email=jd@mail.com&pswd=password
Tue, 26 Jan 2021 09:26:12 GMT | ERROR  | HTTP 404: ask for:  http://localhost:3000/api/v1/updateUser/600fda56737f593ddc30fd09
Tue, 26 Jan 2021 09:26:28 GMT | ERROR  | HTTP 404: ask for:  http://localhost:3000/api/v1/updateUser/600fda56737f593ddc30fd09
